Project Informationd:\logical circuit and architecture\counter with the possibility of simultaneous loading\finalproject.rpt

MAX+plus II Compiler Report File
Version 10.2 07/10/2002
Compiled: 10/09/2023 23:26:57

Copyright (C) 1988-2002 Altera Corporation
Any megafunction design, and related net list (encrypted or decrypted),
support information, device programming or simulation file, and any other
associated documentation or information provided by Altera or a partner
under Altera's Megafunction Partnership Program may be used only to
program PLD devices (but not masked PLD devices) from Altera.  Any other
use of such megafunction design, net list, support information, device
programming or simulation file, or any other related documentation or
information is prohibited for any other purpose, including, but not
limited to modification, reverse engineering, de-compiling, or use with
any other silicon devices, unless such use is explicitly licensed under
a separate agreement with Altera or a megafunction partner.  Title to
the intellectual property, including patents, copyrights, trademarks,
trade secrets, or maskworks, embodied in any such megafunction design,
net list, support information, device programming or simulation file, or
any other related documentation or information provided by Altera or a
megafunction partner, remains with Altera, the megafunction partner, or
their respective licensors.  No other licenses, including any licenses
needed under any third party's intellectual property, are provided herein.



***** Project compilation was successful




** DEVICE SUMMARY **

Chip/                     Input   Output   Bidir         Shareable
POF       Device          Pins    Pins     Pins     LCs  Expanders  % Utilized

finalproject
      EPM7032LC44-6        8        5        0      13      4           40 %

User Pins:                 8        5        0  



Project Informationd:\logical circuit and architecture\counter with the possibility of simultaneous loading\finalproject.rpt

** FILE HIERARCHY **



|p1:47|
|p1:49|
|p1:50|
|p1:48|


Device-Specific Information:d:\logical circuit and architecture\counter with the possibility of simultaneous loading\finalproject.rpt
finalproject

***** Logic for device 'finalproject' compiled without errors.




Device: EPM7032LC44-6

Device Options:
    Turbo Bit                                    = ON
    Security Bit                                 = OFF

                                               
                                               
                                               
                 C  R                          
                 o  E                          
              C  u  S  V  G  G  G  G  G        
              L  n  E  C  N  N  N  N  N  A  A  
              K  t  T  C  D  D  D  D  D  3  0  
            -----------------------------------_ 
          /   6  5  4  3  2  1 44 43 42 41 40   | 
    Load |  7                                39 | A2 
      l0 |  8                                38 | A1 
      l1 |  9                                37 | C_out 
     GND | 10                                36 | RESERVED 
      l2 | 11                                35 | VCC 
      l3 | 12         EPM7032LC44-6          34 | RESERVED 
RESERVED | 13                                33 | RESERVED 
RESERVED | 14                                32 | RESERVED 
     VCC | 15                                31 | RESERVED 
RESERVED | 16                                30 | GND 
RESERVED | 17                                29 | RESERVED 
         |_  18 19 20 21 22 23 24 25 26 27 28  _| 
           ------------------------------------ 
              R  R  R  R  G  V  R  R  R  R  R  
              E  E  E  E  N  C  E  E  E  E  E  
              S  S  S  S  D  C  S  S  S  S  S  
              E  E  E  E        E  E  E  E  E  
              R  R  R  R        R  R  R  R  R  
              V  V  V  V        V  V  V  V  V  
              E  E  E  E        E  E  E  E  E  
              D  D  D  D        D  D  D  D  D  


N.C. = No Connect. This pin has no internal connection to the device.
VCC = Dedicated power pin, which MUST be connected to VCC.
GND = Dedicated ground pin or unused dedicated input, which MUST be connected to GND.
RESERVED = Unused I/O pin, which MUST be left unconnected.



Device-Specific Information:d:\logical circuit and architecture\counter with the possibility of simultaneous loading\finalproject.rpt
finalproject

** RESOURCE USAGE **

                                                Shareable     External
Logic Array Block     Logic Cells   I/O Pins    Expanders   Interconnect

A:     LC1 - LC16     0/16(  0%)   8/16( 50%)   0/16(  0%)   0/36(  0%) 
B:    LC17 - LC32    13/16( 81%)   5/16( 31%)   9/16( 56%)  20/36( 55%) 


Total dedicated input pins used:                 0/4      (  0%)
Total I/O pins used:                            13/32     ( 40%)
Total logic cells used:                         13/32     ( 40%)
Total shareable expanders used:                  4/32     ( 12%)
Total Turbo logic cells used:                   13/32     ( 40%)
Total shareable expanders not available (n/a):   5/32     ( 15%)
Average fan-in:                                  6.38
Total fan-in:                                    83

Total input pins required:                       8
Total output pins required:                      5
Total bidirectional pins required:               0
Total logic cells required:                     13
Total flipflops required:                        0
Total product terms required:                   47
Total logic cells lending parallel expanders:    0
Total shareable expanders in database:           4

Synthesized logic cells:                        12/  32   ( 37%)



Device-Specific Information:d:\logical circuit and architecture\counter with the possibility of simultaneous loading\finalproject.rpt
finalproject

** INPUTS **

                                         Shareable
                                         Expanders     Fan-In    Fan-Out
 Pin     LC  LAB  Primitive    Code   Total Shared n/a INP  FBK  OUT  FBK  Name
   6    (3)  (A)      INPUT               0      0   0    0    0    1    8  CLK
   5    (2)  (A)      INPUT               0      0   0    0    0    2    8  Count
   7    (4)  (A)      INPUT               0      0   0    0    0    2    8  Load
   8    (5)  (A)      INPUT               0      0   0    0    0    0    2  l0
   9    (6)  (A)      INPUT               0      0   0    0    0    1    2  l1
  11    (7)  (A)      INPUT               0      0   0    0    0    0    2  l2
  12    (8)  (A)      INPUT               0      0   0    0    0    0    2  l3
   4    (1)  (A)      INPUT               0      0   0    0    0    0    4  RESET


Code:

s = Synthesized pin or logic cell
t = Turbo logic cell
+ = Synchronous flipflop
! = NOT gate push-back
r = Fitter-inserted logic cell


Device-Specific Information:d:\logical circuit and architecture\counter with the possibility of simultaneous loading\finalproject.rpt
finalproject

** OUTPUTS **

                                         Shareable
                                         Expanders     Fan-In    Fan-Out
 Pin     LC  LAB  Primitive    Code   Total Shared n/a INP  FBK  OUT  FBK  Name
  40     18    B     OUTPUT    s t        0      0   0    0    2    1    8  A0
  38     20    B     OUTPUT    s t        0      0   0    4    3    1    6  A1
  39     19    B     OUTPUT    s t        0      0   0    0    2    0    4  A2
  41     17    B     OUTPUT    s t        0      0   0    0    2    0    2  A3
  37     21    B     OUTPUT      t        5      0   1    2    8    0    0  C_out


Code:

s = Synthesized pin or logic cell
t = Turbo logic cell
+ = Synchronous flipflop
! = NOT gate push-back
r = Fitter-inserted logic cell


Device-Specific Information:d:\logical circuit and architecture\counter with the possibility of simultaneous loading\finalproject.rpt
finalproject

** BURIED LOGIC **

                                         Shareable
                                         Expanders     Fan-In    Fan-Out
 Pin     LC  LAB  Primitive    Code   Total Shared n/a INP  FBK  OUT  FBK  Name
 (28)    28    B       SOFT    s t        0      0   0    4    1    2    0  |p1:47|~17~1
 (29)    27    B      LCELL    s t        1      0   1    5    2    2    1  |p1:47|~25~1
 (31)    26    B       SOFT    s t        0      0   0    4    2    1    0  |p1:48|~17~1
 (27)    29    B      LCELL    s t        1      0   1    5    3    2    1  |p1:48|~25~1
 (32)    25    B       SOFT    s t        0      0   0    4    3    2    0  |p1:49|~17~1
 (33)    24    B      LCELL    s t        1      0   1    5    4    2    1  |p1:49|~25~1
 (34)    23    B       SOFT    s t        0      0   0    4    4    2    0  |p1:50|~17~1
 (36)    22    B      LCELL    s t        1      0   1    5    5    2    1  |p1:50|~25~1


Code:

s = Synthesized pin or logic cell
t = Turbo logic cell
+ = Synchronous flipflop
! = NOT gate push-back
r = Fitter-inserted logic cell


Device-Specific Information:d:\logical circuit and architecture\counter with the possibility of simultaneous loading\finalproject.rpt
finalproject

** LOGIC CELL INTERCONNECTIONS **

Logic Array Block 'B':

                                   Logic cells placed in LAB 'B'
        +------------------------- LC18 A0
        | +----------------------- LC20 A1
        | | +--------------------- LC19 A2
        | | | +------------------- LC17 A3
        | | | | +----------------- LC21 C_out
        | | | | | +--------------- LC28 |p1:47|~17~1
        | | | | | | +------------- LC27 |p1:47|~25~1
        | | | | | | | +----------- LC26 |p1:48|~17~1
        | | | | | | | | +--------- LC29 |p1:48|~25~1
        | | | | | | | | | +------- LC25 |p1:49|~17~1
        | | | | | | | | | | +----- LC24 |p1:49|~25~1
        | | | | | | | | | | | +--- LC23 |p1:50|~17~1
        | | | | | | | | | | | | +- LC22 |p1:50|~25~1
        | | | | | | | | | | | | | 
        | | | | | | | | | | | | |   Other LABs fed by signals
        | | | | | | | | | | | | |   that feed LAB 'B'
LC      | | | | | | | | | | | | | | A B |     Logic cells that feed LAB 'B':
LC18 -> - * - - - * * * * * * * * | - * | <-- A0
LC20 -> - * - - - - - * * * * * * | - * | <-- A1
LC19 -> - - - - - - - - - * * * * | - * | <-- A2
LC17 -> - - - - - - - - - - - * * | - * | <-- A3
LC28 -> * - - - * - - - - - - - - | - * | <-- |p1:47|~17~1
LC27 -> * - - - * - * - - - - - - | - * | <-- |p1:47|~25~1
LC26 -> - - - - * - - - - - - - - | - * | <-- |p1:48|~17~1
LC29 -> - * - - * - - - * - - - - | - * | <-- |p1:48|~25~1
LC25 -> - - * - * - - - - - - - - | - * | <-- |p1:49|~17~1
LC24 -> - - * - * - - - - - * - - | - * | <-- |p1:49|~25~1
LC23 -> - - - * * - - - - - - - - | - * | <-- |p1:50|~17~1
LC22 -> - - - * * - - - - - - - * | - * | <-- |p1:50|~25~1

Pin
6    -> - * - - - * * * * * * * * | - * | <-- CLK
5    -> - * - - * * * * * * * * * | - * | <-- Count
7    -> - * - - * * * * * * * * * | - * | <-- Load
8    -> - - - - - * * - - - - - - | - * | <-- l0
9    -> - * - - - - - * * - - - - | - * | <-- l1
11   -> - - - - - - - - - * * - - | - * | <-- l2
12   -> - - - - - - - - - - - * * | - * | <-- l3
4    -> - - - - - - * - * - * - * | - * | <-- RESET


* = The logic cell or pin is an input to the logic cell (or LAB) through the PIA.
- = The logic cell or pin is not an input to the logic cell (or LAB).


Device-Specific Information:d:\logical circuit and architecture\counter with the possibility of simultaneous loading\finalproject.rpt
finalproject

** EQUATIONS **

CLK      : INPUT;
Count    : INPUT;
Load     : INPUT;
l0       : INPUT;
l1       : INPUT;
l2       : INPUT;
l3       : INPUT;
RESET    : INPUT;

-- Node name is 'A0' = '|p1:47|~23~1' 
-- Equation name is 'A0', type is output 
 A0      = LCELL(!_LC027 $  _LC028);

-- Node name is 'A1' = '|p1:48|~23~1' 
-- Equation name is 'A1', type is output 
 A1      = LCELL( _EQ001 $ !_LC029);
  _EQ001 =  A0 &  A1 &  CLK &  Count & !Load
         #  A1 &  CLK &  Load &  l1
         #  A0 &  A1 &  CLK &  Count &  l1;

-- Node name is 'A2' = '|p1:49|~23~1' 
-- Equation name is 'A2', type is output 
 A2      = LCELL(!_LC024 $  _LC025);

-- Node name is 'A3' = '|p1:50|~23~1' 
-- Equation name is 'A3', type is output 
 A3      = LCELL(!_LC022 $  _LC023);

-- Node name is 'C_out' 
-- Equation name is 'C_out', location is LC021, type is output.
 C_out   = LCELL( _EQ002 $  _EQ003);
  _EQ002 =  Count &  _LC027 & !_LC028 & !Load &  _X001 &  _X002 &  _X003 & 
              _X004
         #  Count & !_LC027 &  _LC028 & !Load &  _X001 &  _X002 &  _X003 & 
              _X004
         #  Count & !_LC026 &  _LC029 & !Load &  _X001 &  _X002 &  _X003 & 
              _X004
         #  Count &  _LC026 & !_LC029 & !Load &  _X001 &  _X002 &  _X003 & 
              _X004;
  _X001  = EXP(!_LC024 &  _LC025);
  _X002  = EXP( _LC024 & !_LC025);
  _X003  = EXP( _LC022 & !_LC023);
  _X004  = EXP(!_LC022 &  _LC023);
  _EQ003 =  Count & !Load &  _X001 &  _X002 &  _X003 &  _X004;
  _X001  = EXP(!_LC024 &  _LC025);
  _X002  = EXP( _LC024 & !_LC025);
  _X003  = EXP( _LC022 & !_LC023);
  _X004  = EXP(!_LC022 &  _LC023);

-- Node name is '|p1:47|~17~1' 
-- Equation name is '_LC028', type is buried 
-- synthesized logic cell 
_LC028   = LCELL( _EQ004 $  GND);
  _EQ004 =  A0 &  CLK &  Load &  l0
         #  A0 &  CLK &  Count & !Load;

-- Node name is '|p1:47|~25~1' 
-- Equation name is '_LC027', type is buried 
-- synthesized logic cell 
_LC027   = LCELL( _EQ005 $  A0);
  _EQ005 = !A0 &  CLK &  Count & !_LC027 & !Load
         # !A0 &  CLK & !_LC027 &  Load & !l0
         # !A0 &  RESET
         # !A0 &  CLK &  Count & !_LC027 & !l0;

-- Node name is '|p1:48|~17~1' 
-- Equation name is '_LC026', type is buried 
-- synthesized logic cell 
_LC026   = LCELL( _EQ006 $  GND);
  _EQ006 =  A0 &  A1 &  CLK &  Count & !Load
         #  A1 &  CLK &  Load &  l1;

-- Node name is '|p1:48|~25~1' 
-- Equation name is '_LC029', type is buried 
-- synthesized logic cell 
_LC029   = LCELL( _EQ007 $  A1);
  _EQ007 =  A0 & !A1 &  CLK &  Count & !_LC029 & !Load
         # !A1 &  CLK & !_LC029 &  Load & !l1
         # !A1 &  RESET
         #  A0 & !A1 &  CLK &  Count & !_LC029 & !l1;

-- Node name is '|p1:49|~17~1' 
-- Equation name is '_LC025', type is buried 
-- synthesized logic cell 
_LC025   = LCELL( _EQ008 $  GND);
  _EQ008 =  A0 &  A1 &  A2 &  CLK &  Count & !Load
         #  A2 &  CLK &  Load &  l2;

-- Node name is '|p1:49|~25~1' 
-- Equation name is '_LC024', type is buried 
-- synthesized logic cell 
_LC024   = LCELL( _EQ009 $  A2);
  _EQ009 =  A0 &  A1 & !A2 &  CLK &  Count & !_LC024 & !Load
         # !A2 &  CLK & !_LC024 &  Load & !l2
         # !A2 &  RESET
         #  A0 &  A1 & !A2 &  CLK &  Count & !_LC024 & !l2;

-- Node name is '|p1:50|~17~1' 
-- Equation name is '_LC023', type is buried 
-- synthesized logic cell 
_LC023   = LCELL( _EQ010 $  GND);
  _EQ010 =  A0 &  A1 &  A2 &  A3 &  CLK &  Count & !Load
         #  A3 &  CLK &  Load &  l3;

-- Node name is '|p1:50|~25~1' 
-- Equation name is '_LC022', type is buried 
-- synthesized logic cell 
_LC022   = LCELL( _EQ011 $  A3);
  _EQ011 =  A0 &  A1 &  A2 & !A3 &  CLK &  Count & !_LC022 & !Load
         # !A3 &  CLK & !_LC022 &  Load & !l3
         # !A3 &  RESET
         #  A0 &  A1 &  A2 & !A3 &  CLK &  Count & !_LC022 & !l3;



--     Shareable expanders that are duplicated in multiple LABs:
--     (none)




Project Informationd:\logical circuit and architecture\counter with the possibility of simultaneous loading\finalproject.rpt

** COMPILATION SETTINGS & TIMES **

Processing Menu Commands
------------------------

Design Doctor                             = off

Logic Synthesis:

   Synthesis Type Used                    = Standard

   Default Synthesis Style                = NORMAL

      Logic option settings in 'NORMAL' style for 'MAX7000' family

      DECOMPOSE_GATES                     = on
      DUPLICATE_LOGIC_EXTRACTION          = on
      MINIMIZATION                        = full
      MULTI_LEVEL_FACTORING               = on
      NOT_GATE_PUSH_BACK                  = on
      PARALLEL_EXPANDERS                  = off
      REDUCE_LOGIC                        = on
      REFACTORIZATION                     = on
      REGISTER_OPTIMIZATION               = on
      RESYNTHESIZE_NETWORK                = on
      SLOW_SLEW_RATE                      = off
      SOFT_BUFFER_INSERTION               = on
      SUBFACTOR_EXTRACTION                = on
      TURBO_BIT                           = on
      XOR_SYNTHESIS                       = on
      IGNORE_SOFT_BUFFERS                 = off
      USE_LPM_FOR_AHDL_OPERATORS          = off

   Other logic synthesis settings:

      Automatic Global Clock              = on
      Automatic Global Clear              = on
      Automatic Global Preset             = on
      Automatic Global Output Enable      = on
      Automatic Fast I/O                  = off
      Automatic Register Packing          = off
      Automatic Open-Drain Pins           = on
      Automatic Implement in EAB          = off
      One-Hot State Machine Encoding      = off
      Optimize                            = 5

Default Timing Specifications: None

Cut All Bidir Feedback Timing Paths       = on
Cut All Clear & Preset Timing Paths       = on

Ignore Timing Assignments                 = off

Functional SNF Extractor                  = off

Linked SNF Extractor                      = off
Timing SNF Extractor                      = on
Optimize Timing SNF                       = off
Generate AHDL TDO File                    = off
Fitter Settings                           = NORMAL
Smart Recompile                           = off
Total Recompile                           = off

Interfaces Menu Commands
------------------------

EDIF Netlist Writer                       = off
Verilog Netlist Writer                    = off
VHDL Netlist Writer                       = off

Compilation Times
-----------------

   Compiler Netlist Extractor             00:00:00
   Database Builder                       00:00:00
   Logic Synthesizer                      00:00:00
   Partitioner                            00:00:01
   Fitter                                 00:00:00
   Timing SNF Extractor                   00:00:00
   Assembler                              00:00:00
   --------------------------             --------
   Total Time                             00:00:01


Memory Allocated
-----------------

Peak memory allocated during compilation  = 2,752K
